[21:50:03:982] [INFO] - 

[21:50:03:985] [INFO] - Client: Connecting, socket: 127.0.0.1.2022
[21:50:03:986] [INFO] - 

[21:50:03:986] [INFO] - Client: Listening thread started.
[21:50:32:541] [INFO] - Client: Attempt to sign up
[21:50:32:553] [INFO] - Client: sending signup request.
[21:50:32:569] [INFO] - Client: Got server msg in listening thread.
[21:50:32:570] [INFO] - Client: signup: Received response messages from: Socket[addr=/127.0.0.1,port=2022,localport=57450]
[21:50:32:570] [INFO] - Client: User signup succeed.
[21:50:33:127] [INFO] - Client: Attempt to login
[21:50:33:128] [INFO] - Client: sending login request.
[21:50:33:130] [INFO] - Client: Got server msg in listening thread.
[21:50:33:130] [INFO] - Client: login: Received response messages from: Socket[addr=/127.0.0.1,port=2022,localport=57450]
[21:50:33:130] [INFO] - Client: User login succeed.
[21:50:33:151] [INFO] - Client: Attempt to request view user files
[21:50:33:151] [INFO] - Client: Sending request to view user files.
[21:50:33:152] [INFO] - Client: sending viewFolderContents request.
[21:50:33:170] [INFO] - Client: Got server msg in listening thread.
[21:50:33:170] [INFO] - Client: viewFolderContents: Received response messages from: Socket[addr=/127.0.0.1,port=2022,localport=57450]
[21:50:33:172] [INFO] - Client: View Folder 111111 Contents
[21:50:33:172] [INFO] - Client: Attempt to download specified txtx file
[21:50:33:173] [INFO] - Client: Sending request to download txt file.
[21:50:33:173] [INFO] - Client: sending download request.
[21:50:33:191] [INFO] - Client: Got server msg in listening thread.
[21:50:33:191] [INFO] - Client: download: Received response messages from: Socket[addr=/127.0.0.1,port=2022,localport=57450]
[21:50:33:192] [INFO] - Client: User download succeed.
[21:50:33:192] [INFO] - Client: viewFolderContents : Succeed.
[21:50:36:523] [INFO] - Client: Attempt to download specified txtx file
[21:50:36:523] [INFO] - Client: Sending request to download txt file.
[21:50:36:523] [INFO] - Client: sending download request.
[21:50:36:526] [INFO] - Client: Got server msg in listening thread.
[21:50:36:527] [INFO] - Client: download: Received response messages from: Socket[addr=/127.0.0.1,port=2022,localport=57450]
[21:50:36:527] [INFO] - Client: User download succeed.
[21:50:39:822] [INFO] - Client: Attempt to upload txt file
[21:50:39:823] [INFO] - Client: Sending request to upload txt file.
[21:50:39:837] [INFO] - Client: sending uploadFile request.
[21:50:39:839] [INFO] - Client: Got server msg in listening thread.
[21:50:39:840] [INFO] - Client: uploadFile: Received response messages from: Socket[addr=/127.0.0.1,port=2022,localport=57450]
[21:50:39:840] [INFO] - Client: Upload 111111//firstfile.txt successful
[21:50:39:840] [INFO] - Client: User uploadFile succeed.
[21:50:39:842] [INFO] - Client: Attempt to request view user files
[21:50:39:842] [INFO] - Client: Sending request to view user files.
[21:50:39:842] [INFO] - Client: sending viewFolderContents request.
[21:50:39:844] [INFO] - Client: Got server msg in listening thread.
[21:50:39:844] [INFO] - Client: viewFolderContents: Received response messages from: Socket[addr=/127.0.0.1,port=2022,localport=57450]
[21:50:39:845] [INFO] - Client: View Folder 111111 Contents
[21:50:39:845] [INFO] - Client: Attempt to download specified txtx file
[21:50:39:845] [INFO] - Client: Sending request to download txt file.
[21:50:39:845] [INFO] - Client: sending download request.
[21:50:39:847] [INFO] - Client: Got server msg in listening thread.
[21:50:39:847] [INFO] - Client: download: Received response messages from: Socket[addr=/127.0.0.1,port=2022,localport=57450]
[21:50:39:848] [INFO] - Client: User download succeed.
[21:50:39:848] [INFO] - Client: viewFolderContents : Succeed.
[21:50:46:367] [INFO] - Client: Attempt to download specified txtx file
[21:50:46:368] [INFO] - Client: Sending request to download txt file.
[21:50:46:368] [INFO] - Client: sending download request.
[21:50:46:371] [INFO] - Client: Got server msg in listening thread.
[21:50:46:371] [INFO] - Client: download: Received response messages from: Socket[addr=/127.0.0.1,port=2022,localport=57450]
[21:50:46:372] [INFO] - Client: User download succeed.
[21:50:47:413] [INFO] - Client: Attempt to upload txt file
[21:50:47:414] [INFO] - Client: Sending request to upload txt file.
[21:50:47:415] [INFO] - Client: sending uploadFile request.
[21:50:47:417] [INFO] - Client: Got server msg in listening thread.
[21:50:47:418] [INFO] - Client: uploadFile: Received response messages from: Socket[addr=/127.0.0.1,port=2022,localport=57450]
[21:50:47:418] [INFO] - Client: Upload 111111//firstfile.txt successful
[21:50:47:418] [INFO] - Client: User uploadFile succeed.
[21:50:47:420] [INFO] - Client: Attempt to request view user files
[21:50:47:420] [INFO] - Client: Sending request to view user files.
[21:50:47:420] [INFO] - Client: sending viewFolderContents request.
[21:50:47:422] [INFO] - Client: Got server msg in listening thread.
[21:50:47:423] [INFO] - Client: viewFolderContents: Received response messages from: Socket[addr=/127.0.0.1,port=2022,localport=57450]
[21:50:47:423] [INFO] - Client: View Folder 111111 Contents
[21:50:47:423] [INFO] - Client: Attempt to download specified txtx file
[21:50:47:423] [INFO] - Client: Sending request to download txt file.
[21:50:47:424] [INFO] - Client: sending download request.
[21:50:47:425] [INFO] - Client: Got server msg in listening thread.
[21:50:47:426] [INFO] - Client: download: Received response messages from: Socket[addr=/127.0.0.1,port=2022,localport=57450]
[21:50:47:426] [INFO] - Client: User download succeed.
[21:50:47:426] [INFO] - Client: viewFolderContents : Succeed.
[21:50:53:196] [INFO] - Client: Attempt to download specified txtx file
[21:50:53:196] [INFO] - Client: Sending request to download txt file.
[21:50:53:197] [INFO] - Client: sending download request.
[21:50:53:199] [INFO] - Client: Got server msg in listening thread.
[21:50:53:199] [INFO] - Client: download: Received response messages from: Socket[addr=/127.0.0.1,port=2022,localport=57450]
[21:50:53:200] [INFO] - Client: User download succeed.
[21:50:54:714] [INFO] - Client: Attempt to upload txt file
[21:50:54:715] [INFO] - Client: Sending request to upload txt file.
[21:50:54:715] [INFO] - Client: sending uploadFile request.
[21:50:54:718] [INFO] - Client: Got server msg in listening thread.
[21:50:54:718] [INFO] - Client: uploadFile: Received response messages from: Socket[addr=/127.0.0.1,port=2022,localport=57450]
[21:50:54:718] [INFO] - Client: Upload 111111//firstfile.txt successful
[21:50:54:718] [INFO] - Client: User uploadFile succeed.
[21:50:54:720] [INFO] - Client: Attempt to request view user files
[21:50:54:720] [INFO] - Client: Sending request to view user files.
[21:50:54:720] [INFO] - Client: sending viewFolderContents request.
[21:50:54:722] [INFO] - Client: Got server msg in listening thread.
[21:50:54:722] [INFO] - Client: viewFolderContents: Received response messages from: Socket[addr=/127.0.0.1,port=2022,localport=57450]
[21:50:54:723] [INFO] - Client: View Folder 111111 Contents
[21:50:54:723] [INFO] - Client: Attempt to download specified txtx file
[21:50:54:723] [INFO] - Client: Sending request to download txt file.
[21:50:54:723] [INFO] - Client: sending download request.
[21:50:54:725] [INFO] - Client: Got server msg in listening thread.
[21:50:54:725] [INFO] - Client: download: Received response messages from: Socket[addr=/127.0.0.1,port=2022,localport=57450]
[21:50:54:726] [INFO] - Client: User download succeed.
[21:50:54:726] [INFO] - Client: viewFolderContents : Succeed.
[21:51:05:132] [INFO] - Client: Attempt to request create file/folder
[21:51:05:133] [INFO] - Client: Sending request to create file/folder.
[21:51:05:133] [INFO] - Client: sending create request.
[21:51:05:136] [INFO] - Client: Got server msg in listening thread.
[21:51:05:136] [INFO] - Client: create: Received response messages from: Socket[addr=/127.0.0.1,port=2022,localport=57450]
[21:51:05:137] [INFO] - Client: Create /Users/Haoyuan/Desktop/OnlineFile/src/client/Users/111111/test.txt successfully.
[21:51:05:137] [INFO] - Client: User create succeed.
[21:51:05:139] [INFO] - Client: Attempt to request view user files
[21:51:05:139] [INFO] - Client: Sending request to view user files.
[21:51:05:139] [INFO] - Client: sending viewFolderContents request.
[21:51:05:142] [INFO] - Client: Got server msg in listening thread.
[21:51:05:142] [INFO] - Client: viewFolderContents: Received response messages from: Socket[addr=/127.0.0.1,port=2022,localport=57450]
[21:51:05:142] [INFO] - Client: View Folder 111111 Contents
[21:51:05:143] [INFO] - Client: Attempt to download specified txtx file
[21:51:05:143] [INFO] - Client: Sending request to download txt file.
[21:51:05:143] [INFO] - Client: sending download request.
[21:51:05:146] [INFO] - Client: Got server msg in listening thread.
[21:51:05:147] [INFO] - Client: download: Received response messages from: Socket[addr=/127.0.0.1,port=2022,localport=57450]
[21:51:05:148] [INFO] - Client: User download succeed.
[21:51:05:148] [INFO] - Client: Attempt to download specified txtx file
[21:51:05:148] [INFO] - Client: Sending request to download txt file.
[21:51:05:149] [INFO] - Client: sending download request.
[21:51:05:151] [INFO] - Client: Got server msg in listening thread.
[21:51:05:151] [INFO] - Client: download: Received response messages from: Socket[addr=/127.0.0.1,port=2022,localport=57450]
[21:51:05:151] [INFO] - Client: User download succeed.
[21:51:05:151] [INFO] - Client: viewFolderContents : Succeed.
[21:51:06:560] [INFO] - Client: Attempt to download specified txtx file
[21:51:06:560] [INFO] - Client: Sending request to download txt file.
[21:51:06:561] [INFO] - Client: sending download request.
[21:51:06:563] [INFO] - Client: Got server msg in listening thread.
[21:51:06:563] [INFO] - Client: download: Received response messages from: Socket[addr=/127.0.0.1,port=2022,localport=57450]
[21:51:06:563] [INFO] - Client: User download succeed.
[21:51:10:170] [INFO] - Client: Attempt to upload txt file
[21:51:10:171] [INFO] - Client: Sending request to upload txt file.
[21:51:10:171] [INFO] - Client: sending uploadFile request.
[21:51:10:174] [INFO] - Client: Got server msg in listening thread.
[21:51:10:175] [INFO] - Client: uploadFile: Received response messages from: Socket[addr=/127.0.0.1,port=2022,localport=57450]
[21:51:10:175] [INFO] - Client: Upload 111111//test.txt successful
[21:51:10:175] [INFO] - Client: User uploadFile succeed.
[21:51:12:703] [INFO] - Client: Attempt to upload txt file
[21:51:12:704] [INFO] - Client: Sending request to upload txt file.
[21:51:12:704] [INFO] - Client: sending uploadFile request.
[21:51:12:707] [INFO] - Client: Got server msg in listening thread.
[21:51:12:707] [INFO] - Client: uploadFile: Received response messages from: Socket[addr=/127.0.0.1,port=2022,localport=57450]
[21:51:12:707] [INFO] - Client: Upload 111111//test.txt successful
[21:51:12:707] [INFO] - Client: User uploadFile succeed.
[21:51:12:709] [INFO] - Client: Attempt to request view user files
[21:51:12:709] [INFO] - Client: Sending request to view user files.
[21:51:12:709] [INFO] - Client: sending viewFolderContents request.
[21:51:12:711] [INFO] - Client: Got server msg in listening thread.
[21:51:12:711] [INFO] - Client: viewFolderContents: Received response messages from: Socket[addr=/127.0.0.1,port=2022,localport=57450]
[21:51:12:711] [INFO] - Client: View Folder 111111 Contents
[21:51:12:712] [INFO] - Client: Attempt to download specified txtx file
[21:51:12:712] [INFO] - Client: Sending request to download txt file.
[21:51:12:712] [INFO] - Client: sending download request.
[21:51:12:714] [INFO] - Client: Got server msg in listening thread.
[21:51:12:714] [INFO] - Client: download: Received response messages from: Socket[addr=/127.0.0.1,port=2022,localport=57450]
[21:51:12:714] [INFO] - Client: User download succeed.
[21:51:12:714] [INFO] - Client: Attempt to download specified txtx file
[21:51:12:715] [INFO] - Client: Sending request to download txt file.
[21:51:12:715] [INFO] - Client: sending download request.
[21:51:12:716] [INFO] - Client: Got server msg in listening thread.
[21:51:12:717] [INFO] - Client: download: Received response messages from: Socket[addr=/127.0.0.1,port=2022,localport=57450]
[21:51:12:717] [INFO] - Client: User download succeed.
[21:51:12:717] [INFO] - Client: viewFolderContents : Succeed.
[21:51:16:663] [INFO] - Client: Attempt to download specified txtx file
[21:51:16:663] [INFO] - Client: Sending request to download txt file.
[21:51:16:663] [INFO] - Client: sending download request.
[21:51:16:665] [INFO] - Client: Got server msg in listening thread.
[21:51:16:666] [INFO] - Client: download: Received response messages from: Socket[addr=/127.0.0.1,port=2022,localport=57450]
[21:51:16:666] [INFO] - Client: User download succeed.
[21:51:17:675] [INFO] - Client: Attempt to upload txt file
[21:51:17:675] [INFO] - Client: Sending request to upload txt file.
[21:51:17:675] [INFO] - Client: sending uploadFile request.
[21:51:17:678] [INFO] - Client: Got server msg in listening thread.
[21:51:17:678] [INFO] - Client: uploadFile: Received response messages from: Socket[addr=/127.0.0.1,port=2022,localport=57450]
[21:51:17:678] [INFO] - Client: Upload 111111//test.txt successful
[21:51:17:678] [INFO] - Client: User uploadFile succeed.
[21:51:17:679] [INFO] - Client: Attempt to request view user files
[21:51:17:680] [INFO] - Client: Sending request to view user files.
[21:51:17:680] [INFO] - Client: sending viewFolderContents request.
[21:51:17:682] [INFO] - Client: Got server msg in listening thread.
[21:51:17:682] [INFO] - Client: viewFolderContents: Received response messages from: Socket[addr=/127.0.0.1,port=2022,localport=57450]
[21:51:17:682] [INFO] - Client: View Folder 111111 Contents
[21:51:17:682] [INFO] - Client: Attempt to download specified txtx file
[21:51:17:683] [INFO] - Client: Sending request to download txt file.
[21:51:17:683] [INFO] - Client: sending download request.
[21:51:17:685] [INFO] - Client: Got server msg in listening thread.
[21:51:17:685] [INFO] - Client: download: Received response messages from: Socket[addr=/127.0.0.1,port=2022,localport=57450]
[21:51:17:685] [INFO] - Client: User download succeed.
[21:51:17:685] [INFO] - Client: Attempt to download specified txtx file
[21:51:17:685] [INFO] - Client: Sending request to download txt file.
[21:51:17:686] [INFO] - Client: sending download request.
[21:51:17:687] [INFO] - Client: Got server msg in listening thread.
[21:51:17:688] [INFO] - Client: download: Received response messages from: Socket[addr=/127.0.0.1,port=2022,localport=57450]
[21:51:17:688] [INFO] - Client: User download succeed.
[21:51:17:688] [INFO] - Client: viewFolderContents : Succeed.
[21:51:18:576] [INFO] - Client: Attempt to download specified txtx file
[21:51:18:576] [INFO] - Client: Sending request to download txt file.
[21:51:18:576] [INFO] - Client: sending download request.
[21:51:18:579] [INFO] - Client: Got server msg in listening thread.
[21:51:18:579] [INFO] - Client: download: Received response messages from: Socket[addr=/127.0.0.1,port=2022,localport=57450]
[21:51:18:580] [INFO] - Client: User download succeed.
[21:51:19:460] [INFO] - Client: Attempt to upload txt file
[21:51:19:460] [INFO] - Client: Sending request to upload txt file.
[21:51:19:460] [INFO] - Client: sending uploadFile request.
[21:51:19:462] [INFO] - Client: Got server msg in listening thread.
[21:51:19:462] [INFO] - Client: uploadFile: Received response messages from: Socket[addr=/127.0.0.1,port=2022,localport=57450]
[21:51:19:462] [INFO] - Client: Upload 111111//firstfile.txt successful
[21:51:19:462] [INFO] - Client: User uploadFile succeed.
[21:51:19:463] [INFO] - Client: Attempt to request view user files
[21:51:19:464] [INFO] - Client: Sending request to view user files.
[21:51:19:464] [INFO] - Client: sending viewFolderContents request.
[21:51:19:466] [INFO] - Client: Got server msg in listening thread.
[21:51:19:466] [INFO] - Client: viewFolderContents: Received response messages from: Socket[addr=/127.0.0.1,port=2022,localport=57450]
[21:51:19:466] [INFO] - Client: View Folder 111111 Contents
[21:51:19:466] [INFO] - Client: Attempt to download specified txtx file
[21:51:19:466] [INFO] - Client: Sending request to download txt file.
[21:51:19:467] [INFO] - Client: sending download request.
[21:51:19:468] [INFO] - Client: Got server msg in listening thread.
[21:51:19:468] [INFO] - Client: download: Received response messages from: Socket[addr=/127.0.0.1,port=2022,localport=57450]
[21:51:19:468] [INFO] - Client: User download succeed.
[21:51:19:468] [INFO] - Client: Attempt to download specified txtx file
[21:51:19:469] [INFO] - Client: Sending request to download txt file.
[21:51:19:469] [INFO] - Client: sending download request.
[21:51:19:470] [INFO] - Client: Got server msg in listening thread.
[21:51:19:471] [INFO] - Client: download: Received response messages from: Socket[addr=/127.0.0.1,port=2022,localport=57450]
[21:51:19:471] [INFO] - Client: User download succeed.
[21:51:19:471] [INFO] - Client: viewFolderContents : Succeed.
[21:51:27:991] [INFO] - Client: Attempt to request create file/folder
[21:51:27:992] [INFO] - Client: Sending request to create file/folder.
[21:51:27:993] [INFO] - Client: sending create request.
[21:51:27:995] [INFO] - Client: Got server msg in listening thread.
[21:51:27:995] [INFO] - Client: create: Received response messages from: Socket[addr=/127.0.0.1,port=2022,localport=57450]
[21:51:27:995] [INFO] - Client: Create /Users/Haoyuan/Desktop/OnlineFile/src/client/Users/111111/123 successfully.
[21:51:27:995] [INFO] - Client: User create succeed.
[21:51:27:997] [INFO] - Client: Attempt to request view user files
[21:51:27:997] [INFO] - Client: Sending request to view user files.
[21:51:27:997] [INFO] - Client: sending viewFolderContents request.
[21:51:27:999] [INFO] - Client: Got server msg in listening thread.
[21:51:27:999] [INFO] - Client: viewFolderContents: Received response messages from: Socket[addr=/127.0.0.1,port=2022,localport=57450]
[21:51:27:999] [INFO] - Client: View Folder 111111 Contents
[21:51:28:000] [INFO] - Client: Attempt to download specified txtx file
[21:51:28:000] [INFO] - Client: Sending request to download txt file.
[21:51:28:000] [INFO] - Client: sending download request.
[21:51:28:002] [INFO] - Client: Got server msg in listening thread.
[21:51:28:002] [INFO] - Client: download: Received response messages from: Socket[addr=/127.0.0.1,port=2022,localport=57450]
[21:51:28:002] [INFO] - Client: User download succeed.
[21:51:28:002] [INFO] - Client: Attempt to download specified txtx file
[21:51:28:003] [INFO] - Client: Sending request to download txt file.
[21:51:28:003] [INFO] - Client: sending download request.
[21:51:28:005] [INFO] - Client: Got server msg in listening thread.
[21:51:28:005] [INFO] - Client: download: Received response messages from: Socket[addr=/127.0.0.1,port=2022,localport=57450]
[21:51:28:006] [INFO] - Client: User download succeed.
[21:51:28:006] [INFO] - Client: viewFolderContents : Succeed.
[21:51:28:870] [INFO] - Client: Attempt to request view user files
[21:51:28:870] [INFO] - Client: Sending request to view user files.
[21:51:28:870] [INFO] - Client: sending viewFolderContents request.
[21:51:28:872] [INFO] - Client: Got server msg in listening thread.
[21:51:28:873] [INFO] - Client: viewFolderContents: Received response messages from: Socket[addr=/127.0.0.1,port=2022,localport=57450]
[21:51:28:873] [INFO] - Client: View Folder 123 Contents
[21:51:28:873] [INFO] - Client: viewFolderContents : Succeed.
[21:51:31:005] [INFO] - Client: Attempt to request view user files
[21:51:31:005] [INFO] - Client: Sending request to view user files.
[21:51:31:006] [INFO] - Client: sending viewFolderContents request.
[21:51:31:009] [INFO] - Client: Got server msg in listening thread.
[21:51:31:009] [INFO] - Client: viewFolderContents: Received response messages from: Socket[addr=/127.0.0.1,port=2022,localport=57450]
[21:51:31:011] [INFO] - Client: View Folder src Contents
[21:51:31:011] [INFO] - Client: viewFolderContents : Succeed.
[21:51:32:770] [INFO] - Client: Attempt to request view user files
[21:51:32:770] [INFO] - Client: Sending request to view user files.
[21:51:32:771] [INFO] - Client: sending viewFolderContents request.
[21:51:32:773] [INFO] - Client: Got server msg in listening thread.
[21:51:32:773] [INFO] - Client: viewFolderContents: Received response messages from: Socket[addr=/127.0.0.1,port=2022,localport=57450]
[21:51:32:774] [INFO] - Client: View Folder Haoyuan Contents
[21:51:32:774] [INFO] - Client: viewFolderContents : Succeed.
[21:51:38:722] [INFO] - Client: Attempt to request view user files
[21:51:38:722] [INFO] - Client: Sending request to view user files.
[21:51:38:723] [INFO] - Client: sending viewFolderContents request.
[21:51:38:727] [INFO] - Client: Got server msg in listening thread.
[21:51:38:728] [INFO] - Client: viewFolderContents: Received response messages from: Socket[addr=/127.0.0.1,port=2022,localport=57450]
[21:51:38:728] [INFO] - Client: View Folder OnlineFile Contents
[21:51:38:728] [INFO] - Client: viewFolderContents : Succeed.
[21:51:40:004] [INFO] - Client: Attempt to request view user files
[21:51:40:004] [INFO] - Client: Sending request to view user files.
[21:51:40:005] [INFO] - Client: sending viewFolderContents request.
[21:51:40:007] [INFO] - Client: Got server msg in listening thread.
[21:51:40:007] [INFO] - Client: viewFolderContents: Received response messages from: Socket[addr=/127.0.0.1,port=2022,localport=57450]
[21:51:40:008] [INFO] - Client: View Folder Desktop Contents
[21:51:40:008] [INFO] - Client: viewFolderContents : Succeed.
[21:51:40:825] [INFO] - Client: Attempt to request view user files
[21:51:40:826] [INFO] - Client: Sending request to view user files.
[21:51:40:826] [INFO] - Client: sending viewFolderContents request.
[21:51:40:828] [INFO] - Client: Got server msg in listening thread.
[21:51:40:829] [INFO] - Client: viewFolderContents: Received response messages from: Socket[addr=/127.0.0.1,port=2022,localport=57450]
[21:51:40:829] [INFO] - Client: View Folder . Contents
[21:51:40:829] [INFO] - Client: viewFolderContents : Succeed.
[21:51:41:635] [INFO] - Client: Attempt to request view user files
[21:51:41:635] [INFO] - Client: Sending request to view user files.
[21:51:41:636] [INFO] - Client: sending viewFolderContents request.
[21:51:41:638] [INFO] - Client: Got server msg in listening thread.
[21:51:41:638] [INFO] - Client: viewFolderContents: Received response messages from: Socket[addr=/127.0.0.1,port=2022,localport=57450]
[21:51:41:638] [INFO] - Client: View Folder . Contents
[21:51:41:639] [INFO] - Client: viewFolderContents : Succeed.
[21:51:42:535] [INFO] - Client: Attempt to request view user files
[21:51:42:536] [INFO] - Client: Sending request to view user files.
[21:51:42:536] [INFO] - Client: sending viewFolderContents request.
[21:51:42:538] [INFO] - Client: Got server msg in listening thread.
[21:51:42:538] [INFO] - Client: viewFolderContents: Received response messages from: Socket[addr=/127.0.0.1,port=2022,localport=57450]
[21:51:42:538] [INFO] - Client: View Folder src Contents
[21:51:42:539] [INFO] - Client: viewFolderContents : Succeed.
[21:53:59:298] [INFO] - 

[21:53:59:300] [INFO] - Client: Connecting, socket: 127.0.0.1.2022
[21:53:59:302] [INFO] - 

[21:53:59:302] [INFO] - Client: Listening thread started.
[21:54:05:949] [INFO] - Client: Attempt to login
[21:54:05:960] [INFO] - Client: sending login request.
[21:54:05:970] [INFO] - Client: Got server msg in listening thread.
[21:54:05:970] [INFO] - Client: login: Received response messages from: Socket[addr=/127.0.0.1,port=2022,localport=57505]
[21:54:05:970] [INFO] - Client: User login succeed.
[21:54:05:986] [INFO] - Client: Attempt to request view user files
[21:54:05:987] [INFO] - Client: Sending request to view user files.
[21:54:05:987] [INFO] - Client: sending viewFolderContents request.
[21:54:06:001] [INFO] - Client: Got server msg in listening thread.
[21:54:06:001] [INFO] - Client: viewFolderContents: Received response messages from: Socket[addr=/127.0.0.1,port=2022,localport=57505]
[21:54:06:003] [INFO] - Client: View Folder 111111 Contents
[21:54:06:003] [INFO] - Client: Attempt to download specified txtx file
[21:54:06:003] [INFO] - Client: Sending request to download txt file.
[21:54:06:004] [INFO] - Client: sending download request.
[21:54:06:019] [INFO] - Client: Got server msg in listening thread.
[21:54:06:019] [INFO] - Client: download: Received response messages from: Socket[addr=/127.0.0.1,port=2022,localport=57505]
[21:54:06:020] [INFO] - Client: User download succeed.
[21:54:06:020] [INFO] - Client: Attempt to download specified txtx file
[21:54:06:020] [INFO] - Client: Sending request to download txt file.
[21:54:06:021] [INFO] - Client: sending download request.
[21:54:06:024] [INFO] - Client: Got server msg in listening thread.
[21:54:06:024] [INFO] - Client: download: Received response messages from: Socket[addr=/127.0.0.1,port=2022,localport=57505]
[21:54:06:024] [INFO] - Client: User download succeed.
[21:54:06:025] [INFO] - Client: viewFolderContents : Succeed.
[21:54:07:827] [INFO] - Client: Attempt to request view user files
[21:54:07:828] [INFO] - Client: Sending request to view user files.
[21:54:07:828] [INFO] - Client: sending viewFolderContents request.
[21:54:07:831] [INFO] - Client: Got server msg in listening thread.
[21:54:07:831] [INFO] - Client: viewFolderContents: Received response messages from: Socket[addr=/127.0.0.1,port=2022,localport=57505]
[21:54:07:832] [INFO] - Client: View Folder 123 Contents
[21:54:07:832] [INFO] - Client: viewFolderContents : Succeed.
[21:54:12:146] [INFO] - Client: Attempt to request view user files
[21:54:12:147] [INFO] - Client: Sending request to view user files.
[21:54:12:147] [INFO] - Client: sending viewFolderContents request.
[21:54:12:150] [INFO] - Client: Got server msg in listening thread.
[21:54:12:150] [INFO] - Client: viewFolderContents: Received response messages from: Socket[addr=/127.0.0.1,port=2022,localport=57505]
[21:54:12:151] [INFO] - Client: View Folder src Contents
[21:54:12:151] [INFO] - Client: viewFolderContents : Succeed.
[21:54:14:059] [INFO] - Client: Attempt to request view user files
[21:54:14:059] [INFO] - Client: Sending request to view user files.
[21:54:14:060] [INFO] - Client: sending viewFolderContents request.
[21:54:14:063] [INFO] - Client: Got server msg in listening thread.
[21:54:14:063] [INFO] - Client: viewFolderContents: Received response messages from: Socket[addr=/127.0.0.1,port=2022,localport=57505]
[21:54:14:063] [INFO] - Client: View Folder OnlineFile Contents
[21:54:14:064] [INFO] - Client: viewFolderContents : Succeed.
[21:54:16:186] [INFO] - Client: Attempt to request view user files
[21:54:16:187] [INFO] - Client: Sending request to view user files.
[21:54:16:187] [INFO] - Client: sending viewFolderContents request.
[21:54:16:189] [INFO] - Client: Got server msg in listening thread.
[21:54:16:190] [INFO] - Client: viewFolderContents: Received response messages from: Socket[addr=/127.0.0.1,port=2022,localport=57505]
[21:54:16:190] [INFO] - Client: View Folder src Contents
[21:54:16:190] [INFO] - Client: viewFolderContents : Succeed.
[21:55:27:201] [INFO] - 

[21:55:27:203] [INFO] - Client: Connecting, socket: 127.0.0.1.2022
[21:55:27:203] [INFO] - 

[21:55:27:204] [INFO] - Client: Listening thread started.
[21:55:32:313] [INFO] - Client: Attempt to login
[21:55:32:322] [INFO] - Client: sending login request.
[21:55:32:332] [INFO] - Client: Got server msg in listening thread.
[21:55:32:333] [INFO] - Client: login: Received response messages from: Socket[addr=/127.0.0.1,port=2022,localport=57524]
[21:55:32:333] [INFO] - Client: User login succeed.
[21:55:32:348] [INFO] - Client: Attempt to request view user files
[21:55:32:349] [INFO] - Client: Sending request to view user files.
[21:55:32:349] [INFO] - Client: sending viewFolderContents request.
[21:55:32:366] [INFO] - Client: Got server msg in listening thread.
[21:55:32:366] [INFO] - Client: viewFolderContents: Received response messages from: Socket[addr=/127.0.0.1,port=2022,localport=57524]
[21:55:32:367] [INFO] - Client: View Folder 111111 Contents
[21:55:32:368] [INFO] - Client: Attempt to download specified txtx file
[21:55:32:368] [INFO] - Client: Sending request to download txt file.
[21:55:32:369] [INFO] - Client: sending download request.
[21:55:32:385] [INFO] - Client: Got server msg in listening thread.
[21:55:32:386] [INFO] - Client: download: Received response messages from: Socket[addr=/127.0.0.1,port=2022,localport=57524]
[21:55:32:386] [INFO] - Client: User download succeed.
[21:55:32:386] [INFO] - Client: Attempt to download specified txtx file
[21:55:32:386] [INFO] - Client: Sending request to download txt file.
[21:55:32:387] [INFO] - Client: sending download request.
[21:55:32:390] [INFO] - Client: Got server msg in listening thread.
[21:55:32:390] [INFO] - Client: download: Received response messages from: Socket[addr=/127.0.0.1,port=2022,localport=57524]
[21:55:32:390] [INFO] - Client: User download succeed.
[21:55:32:390] [INFO] - Client: viewFolderContents : Succeed.
[21:57:54:336] [INFO] - 

[21:57:54:338] [INFO] - Client: Connecting, socket: 127.0.0.1.2022
[21:57:54:338] [INFO] - 

[21:57:54:339] [INFO] - Client: Listening thread started.
[21:58:01:657] [INFO] - Client: Attempt to login
[21:58:01:668] [INFO] - Client: sending login request.
[21:58:01:679] [INFO] - Client: Got server msg in listening thread.
[21:58:01:679] [INFO] - Client: login: Received response messages from: Socket[addr=/127.0.0.1,port=2022,localport=57551]
[21:58:01:679] [INFO] - Client: User login succeed.
[21:58:01:704] [INFO] - Client: Attempt to request view user files
[21:58:01:704] [INFO] - Client: Sending request to view user files.
[21:58:01:704] [INFO] - Client: sending viewFolderContents request.
[21:58:01:722] [INFO] - Client: Got server msg in listening thread.
[21:58:01:722] [INFO] - Client: viewFolderContents: Received response messages from: Socket[addr=/127.0.0.1,port=2022,localport=57551]
[21:58:01:723] [INFO] - Client: View Folder 111111 Contents
[21:58:01:724] [INFO] - Client: Attempt to download specified txtx file
[21:58:01:724] [INFO] - Client: Sending request to download txt file.
[21:58:01:724] [INFO] - Client: sending download request.
[21:58:01:742] [INFO] - Client: Got server msg in listening thread.
[21:58:01:742] [INFO] - Client: download: Received response messages from: Socket[addr=/127.0.0.1,port=2022,localport=57551]
[21:58:01:743] [INFO] - Client: User download succeed.
[21:58:01:743] [INFO] - Client: Attempt to download specified txtx file
[21:58:01:744] [INFO] - Client: Sending request to download txt file.
[21:58:01:744] [INFO] - Client: sending download request.
[21:58:01:747] [INFO] - Client: Got server msg in listening thread.
[21:58:01:747] [INFO] - Client: download: Received response messages from: Socket[addr=/127.0.0.1,port=2022,localport=57551]
[21:58:01:747] [INFO] - Client: User download succeed.
[21:58:01:747] [INFO] - Client: viewFolderContents : Succeed.
[21:58:10:013] [INFO] - Client: Attempt to request view user files
[21:58:10:013] [INFO] - Client: Sending request to view user files.
[21:58:10:014] [INFO] - Client: sending viewFolderContents request.
[21:58:10:017] [INFO] - Client: Got server msg in listening thread.
[21:58:10:017] [INFO] - Client: viewFolderContents: Received response messages from: Socket[addr=/127.0.0.1,port=2022,localport=57551]
[21:58:10:017] [INFO] - Client: View Folder 123 Contents
[21:58:10:018] [INFO] - Client: viewFolderContents : Succeed.
[21:58:54:820] [INFO] - Client: Attempt to request view user files
[21:58:54:821] [INFO] - Client: Sending request to view user files.
[21:58:54:821] [INFO] - Client: sending viewFolderContents request.
[21:58:54:824] [INFO] - Client: Got server msg in listening thread.
[21:58:54:824] [INFO] - Client: viewFolderContents: Received response messages from: Socket[addr=/127.0.0.1,port=2022,localport=57551]
[21:58:54:825] [INFO] - Client: View Folder src Contents
[21:58:54:825] [INFO] - Client: viewFolderContents : Succeed.
[21:58:56:654] [INFO] - Client: Attempt to request view user files
[21:58:56:654] [INFO] - Client: Sending request to view user files.
[21:58:56:655] [INFO] - Client: sending viewFolderContents request.
[21:58:56:657] [INFO] - Client: Got server msg in listening thread.
[21:58:56:657] [INFO] - Client: viewFolderContents: Received response messages from: Socket[addr=/127.0.0.1,port=2022,localport=57551]
[21:58:56:658] [INFO] - Client: View Folder src Contents
[21:58:56:658] [INFO] - Client: viewFolderContents : Succeed.
[21:59:29:678] [INFO] - 

[21:59:29:680] [INFO] - Client: Connecting, socket: 127.0.0.1.2022
[21:59:29:684] [INFO] - 

[21:59:29:685] [INFO] - Client: Listening thread started.
[21:59:35:851] [INFO] - Client: Attempt to login
[21:59:35:861] [INFO] - Client: sending login request.
[21:59:35:871] [INFO] - Client: Got server msg in listening thread.
[21:59:35:871] [INFO] - Client: login: Received response messages from: Socket[addr=/127.0.0.1,port=2022,localport=57566]
[21:59:35:871] [INFO] - Client: User login succeed.
[21:59:35:885] [INFO] - Client: Attempt to request view user files
[21:59:35:886] [INFO] - Client: Sending request to view user files.
[21:59:35:886] [INFO] - Client: sending viewFolderContents request.
[21:59:35:901] [INFO] - Client: Got server msg in listening thread.
[21:59:35:901] [INFO] - Client: viewFolderContents: Received response messages from: Socket[addr=/127.0.0.1,port=2022,localport=57566]
[21:59:35:902] [INFO] - Client: View Folder 111111 Contents
[21:59:35:903] [INFO] - Client: Attempt to download specified txtx file
[21:59:35:903] [INFO] - Client: Sending request to download txt file.
[21:59:35:904] [INFO] - Client: sending download request.
[21:59:35:919] [INFO] - Client: Got server msg in listening thread.
[21:59:35:920] [INFO] - Client: download: Received response messages from: Socket[addr=/127.0.0.1,port=2022,localport=57566]
[21:59:35:920] [INFO] - Client: User download succeed.
[21:59:35:920] [INFO] - Client: Attempt to download specified txtx file
[21:59:35:921] [INFO] - Client: Sending request to download txt file.
[21:59:35:921] [INFO] - Client: sending download request.
[21:59:35:923] [INFO] - Client: Got server msg in listening thread.
[21:59:35:923] [INFO] - Client: download: Received response messages from: Socket[addr=/127.0.0.1,port=2022,localport=57566]
[21:59:35:924] [INFO] - Client: User download succeed.
[21:59:35:924] [INFO] - Client: viewFolderContents : Succeed.
[22:02:52:107] [INFO] - 

[22:02:52:109] [INFO] - Client: Connecting, socket: 127.0.0.1.2022
[22:02:52:111] [INFO] - 

[22:02:52:111] [INFO] - Client: Listening thread started.
[22:02:57:211] [INFO] - Client: Attempt to login
[22:02:57:220] [INFO] - Client: sending login request.
[22:02:57:229] [INFO] - Client: Got server msg in listening thread.
[22:02:57:229] [INFO] - Client: login: Received response messages from: Socket[addr=/127.0.0.1,port=2022,localport=57607]
[22:02:57:230] [INFO] - Client: User login succeed.
[22:02:57:245] [INFO] - Client: Attempt to request view user files
[22:02:57:246] [INFO] - Client: Sending request to view user files.
[22:02:57:246] [INFO] - Client: sending viewFolderContents request.
[22:02:57:262] [INFO] - Client: Got server msg in listening thread.
[22:02:57:263] [INFO] - Client: viewFolderContents: Received response messages from: Socket[addr=/127.0.0.1,port=2022,localport=57607]
[22:02:57:264] [INFO] - Client: View Folder 111111 Contents
[22:02:57:264] [INFO] - Client: Attempt to download specified txtx file
[22:02:57:265] [INFO] - Client: Sending request to download txt file.
[22:02:57:265] [INFO] - Client: sending download request.
[22:02:57:281] [INFO] - Client: Got server msg in listening thread.
[22:02:57:281] [INFO] - Client: download: Received response messages from: Socket[addr=/127.0.0.1,port=2022,localport=57607]
[22:02:57:282] [INFO] - Client: User download succeed.
[22:02:57:282] [INFO] - Client: Attempt to download specified txtx file
[22:02:57:282] [INFO] - Client: Sending request to download txt file.
[22:02:57:282] [INFO] - Client: sending download request.
[22:02:57:284] [INFO] - Client: Got server msg in listening thread.
[22:02:57:285] [INFO] - Client: download: Received response messages from: Socket[addr=/127.0.0.1,port=2022,localport=57607]
[22:02:57:285] [INFO] - Client: User download succeed.
[22:02:57:285] [INFO] - Client: viewFolderContents : Succeed.
[22:04:35:182] [INFO] - 

[22:04:35:182] [ERROR] - Client: Communicator listening thread ended!
[22:04:51:930] [INFO] - 

[22:04:51:932] [INFO] - Client: Connecting, socket: 127.0.0.1.2022
[22:04:51:933] [INFO] - 

[22:04:51:934] [INFO] - Client: Listening thread started.
[22:05:00:064] [INFO] - Client: Attempt to login
[22:05:00:075] [INFO] - Client: sending login request.
[22:05:00:084] [INFO] - Client: Got server msg in listening thread.
[22:05:00:084] [INFO] - Client: login: Received response messages from: Socket[addr=/127.0.0.1,port=2022,localport=57627]
[22:05:00:085] [INFO] - Client: User login succeed.
[22:05:00:100] [INFO] - Client: Attempt to request view user files
[22:05:00:100] [INFO] - Client: Sending request to view user files.
[22:05:00:101] [INFO] - Client: sending viewFolderContents request.
[22:05:00:117] [INFO] - Client: Got server msg in listening thread.
[22:05:00:118] [INFO] - Client: viewFolderContents: Received response messages from: Socket[addr=/127.0.0.1,port=2022,localport=57627]
[22:05:00:119] [INFO] - Client: View Folder 111111 Contents
[22:05:00:120] [INFO] - Client: Attempt to download specified txtx file
[22:05:00:120] [INFO] - Client: Sending request to download txt file.
[22:05:00:120] [INFO] - Client: sending download request.
[22:05:00:138] [INFO] - Client: Got server msg in listening thread.
[22:05:00:138] [INFO] - Client: download: Received response messages from: Socket[addr=/127.0.0.1,port=2022,localport=57627]
[22:05:00:138] [INFO] - Client: User download succeed.
[22:05:00:139] [INFO] - Client: Attempt to download specified txtx file
[22:05:00:139] [INFO] - Client: Sending request to download txt file.
[22:05:00:139] [INFO] - Client: sending download request.
[22:05:00:142] [INFO] - Client: Got server msg in listening thread.
[22:05:00:142] [INFO] - Client: download: Received response messages from: Socket[addr=/127.0.0.1,port=2022,localport=57627]
[22:05:00:142] [INFO] - Client: User download succeed.
[22:05:00:143] [INFO] - Client: viewFolderContents : Succeed.
[22:08:00:698] [INFO] - 

[22:08:00:702] [INFO] - Client: Connecting, socket: 127.0.0.1.2022
[22:08:00:702] [INFO] - 

[22:08:00:703] [INFO] - Client: Listening thread started.
[22:08:06:829] [INFO] - Client: Attempt to login
[22:08:06:839] [INFO] - Client: sending login request.
[22:08:06:852] [INFO] - Client: Got server msg in listening thread.
[22:08:06:852] [INFO] - Client: login: Received response messages from: Socket[addr=/127.0.0.1,port=2022,localport=57699]
[22:08:06:853] [INFO] - Client: User login succeed.
[22:08:06:878] [INFO] - Client: Attempt to request view user files
[22:08:06:879] [INFO] - Client: Sending request to view user files.
[22:08:06:879] [INFO] - Client: sending viewFolderContents request.
[22:08:06:898] [INFO] - Client: Got server msg in listening thread.
[22:08:06:898] [INFO] - Client: viewFolderContents: Received response messages from: Socket[addr=/127.0.0.1,port=2022,localport=57699]
[22:08:06:899] [INFO] - Client: View Folder 111111 Contents
[22:08:06:900] [INFO] - Client: Attempt to download specified txtx file
[22:08:06:900] [INFO] - Client: Sending request to download txt file.
[22:08:06:900] [INFO] - Client: sending download request.
[22:08:06:931] [INFO] - Client: Got server msg in listening thread.
[22:08:06:932] [INFO] - Client: download: Received response messages from: Socket[addr=/127.0.0.1,port=2022,localport=57699]
[22:08:06:932] [INFO] - Client: User download succeed.
[22:08:06:933] [INFO] - Client: Attempt to download specified txtx file
[22:08:06:933] [INFO] - Client: Sending request to download txt file.
[22:08:06:933] [INFO] - Client: sending download request.
[22:08:06:936] [INFO] - Client: Got server msg in listening thread.
[22:08:06:936] [INFO] - Client: download: Received response messages from: Socket[addr=/127.0.0.1,port=2022,localport=57699]
[22:08:06:937] [INFO] - Client: User download succeed.
[22:08:06:937] [INFO] - Client: viewFolderContents : Succeed.
[22:10:59:482] [INFO] - 

[22:10:59:484] [INFO] - Client: Connecting, socket: 127.0.0.1.2022
[22:10:59:487] [INFO] - 

[22:10:59:487] [INFO] - Client: Listening thread started.
[22:11:05:946] [INFO] - Client: Attempt to login
[22:11:05:959] [INFO] - Client: sending login request.
[22:11:05:969] [INFO] - Client: Got server msg in listening thread.
[22:11:05:969] [INFO] - Client: login: Received response messages from: Socket[addr=/127.0.0.1,port=2022,localport=57719]
[22:11:05:969] [INFO] - Client: User login succeed.
[22:11:05:990] [INFO] - Client: Attempt to request view user files
[22:11:05:991] [INFO] - Client: Sending request to view user files.
[22:11:05:991] [INFO] - Client: sending viewFolderContents request.
[22:11:06:006] [INFO] - Client: Got server msg in listening thread.
[22:11:06:006] [INFO] - Client: viewFolderContents: Received response messages from: Socket[addr=/127.0.0.1,port=2022,localport=57719]
[22:11:06:007] [INFO] - Client: View Folder 111111 Contents
[22:11:06:008] [INFO] - Client: Attempt to download specified txtx file
[22:11:06:008] [INFO] - Client: Sending request to download txt file.
[22:11:06:008] [INFO] - Client: sending download request.
[22:11:06:024] [INFO] - Client: Got server msg in listening thread.
[22:11:06:025] [INFO] - Client: download: Received response messages from: Socket[addr=/127.0.0.1,port=2022,localport=57719]
[22:11:06:025] [INFO] - Client: User download succeed.
[22:11:06:026] [INFO] - Client: Attempt to download specified txtx file
[22:11:06:026] [INFO] - Client: Sending request to download txt file.
[22:11:06:026] [INFO] - Client: sending download request.
[22:11:06:028] [INFO] - Client: Got server msg in listening thread.
[22:11:06:029] [INFO] - Client: download: Received response messages from: Socket[addr=/127.0.0.1,port=2022,localport=57719]
[22:11:06:029] [INFO] - Client: User download succeed.
[22:11:06:029] [INFO] - Client: viewFolderContents : Succeed.
[22:11:36:175] [INFO] - 

[22:11:36:177] [INFO] - Client: Connecting, socket: 127.0.0.1.2022
[22:11:36:180] [INFO] - 

[22:11:36:180] [INFO] - Client: Listening thread started.
[22:11:43:272] [INFO] - Client: Attempt to login
[22:11:43:285] [INFO] - Client: sending login request.
[22:11:43:296] [INFO] - Client: Got server msg in listening thread.
[22:11:43:296] [INFO] - Client: login: Received response messages from: Socket[addr=/127.0.0.1,port=2022,localport=57732]
[22:11:43:297] [INFO] - Client: User login succeed.
[22:11:43:318] [INFO] - Client: Attempt to request view user files
[22:11:43:318] [INFO] - Client: Sending request to view user files.
[22:11:43:319] [INFO] - Client: sending viewFolderContents request.
[22:11:43:334] [INFO] - Client: Got server msg in listening thread.
[22:11:43:334] [INFO] - Client: viewFolderContents: Received response messages from: Socket[addr=/127.0.0.1,port=2022,localport=57732]
[22:11:43:335] [INFO] - Client: View Folder 111111 Contents
[22:11:43:336] [INFO] - Client: Attempt to download specified txtx file
[22:11:43:336] [INFO] - Client: Sending request to download txt file.
[22:11:43:336] [INFO] - Client: sending download request.
[22:11:43:354] [INFO] - Client: Got server msg in listening thread.
[22:11:43:354] [INFO] - Client: download: Received response messages from: Socket[addr=/127.0.0.1,port=2022,localport=57732]
[22:11:43:354] [INFO] - Client: User download succeed.
[22:11:43:355] [INFO] - Client: Attempt to download specified txtx file
[22:11:43:355] [INFO] - Client: Sending request to download txt file.
[22:11:43:355] [INFO] - Client: sending download request.
[22:11:43:357] [INFO] - Client: Got server msg in listening thread.
[22:11:43:357] [INFO] - Client: download: Received response messages from: Socket[addr=/127.0.0.1,port=2022,localport=57732]
[22:11:43:358] [INFO] - Client: User download succeed.
[22:11:43:358] [INFO] - Client: viewFolderContents : Succeed.
[22:11:46:127] [INFO] - Client: Attempt to request view user files
[22:11:46:128] [INFO] - Client: Sending request to view user files.
[22:11:46:128] [INFO] - Client: sending viewFolderContents request.
[22:11:46:131] [INFO] - Client: Got server msg in listening thread.
[22:11:46:132] [INFO] - Client: viewFolderContents: Received response messages from: Socket[addr=/127.0.0.1,port=2022,localport=57732]
[22:11:46:132] [INFO] - Client: View Folder 123 Contents
[22:11:46:133] [INFO] - Client: viewFolderContents : Succeed.
[22:11:47:961] [INFO] - Client: Attempt to request view user files
[22:11:47:962] [INFO] - Client: Sending request to view user files.
[22:11:47:962] [INFO] - Client: sending viewFolderContents request.
[22:11:47:966] [INFO] - Client: Got server msg in listening thread.
[22:11:47:966] [INFO] - Client: viewFolderContents: Received response messages from: Socket[addr=/127.0.0.1,port=2022,localport=57732]
[22:11:47:966] [INFO] - Client: View Folder 111111 Contents
[22:11:47:967] [INFO] - Client: Attempt to download specified txtx file
[22:11:47:967] [INFO] - Client: Sending request to download txt file.
[22:11:47:968] [INFO] - Client: sending download request.
[22:11:47:971] [INFO] - Client: Got server msg in listening thread.
[22:11:47:971] [INFO] - Client: download: Received response messages from: Socket[addr=/127.0.0.1,port=2022,localport=57732]
[22:11:47:972] [INFO] - Client: User download succeed.
[22:11:47:972] [INFO] - Client: Attempt to download specified txtx file
[22:11:47:972] [INFO] - Client: Sending request to download txt file.
[22:11:47:972] [INFO] - Client: sending download request.
[22:11:47:974] [INFO] - Client: Got server msg in listening thread.
[22:11:47:975] [INFO] - Client: download: Received response messages from: Socket[addr=/127.0.0.1,port=2022,localport=57732]
[22:11:47:975] [INFO] - Client: User download succeed.
[22:11:47:975] [INFO] - Client: viewFolderContents : Succeed.
[22:12:08:987] [INFO] - Client: Attempt to request view user files
[22:12:08:988] [INFO] - Client: Sending request to view user files.
[22:12:08:989] [INFO] - Client: sending viewFolderContents request.
[22:12:08:991] [INFO] - Client: Got server msg in listening thread.
[22:12:08:991] [INFO] - Client: viewFolderContents: Received response messages from: Socket[addr=/127.0.0.1,port=2022,localport=57732]
[22:12:08:992] [INFO] - Client: View Folder 123 Contents
[22:12:08:992] [INFO] - Client: viewFolderContents : Succeed.
[22:12:10:957] [INFO] - Client: Attempt to request view user files
[22:12:10:957] [INFO] - Client: Sending request to view user files.
[22:12:10:958] [INFO] - Client: sending viewFolderContents request.
[22:12:10:961] [INFO] - Client: Got server msg in listening thread.
[22:12:10:961] [INFO] - Client: viewFolderContents: Received response messages from: Socket[addr=/127.0.0.1,port=2022,localport=57732]
[22:12:10:962] [INFO] - Client: View Folder 111111 Contents
[22:12:10:962] [INFO] - Client: Attempt to download specified txtx file
[22:12:10:962] [INFO] - Client: Sending request to download txt file.
[22:12:10:963] [INFO] - Client: sending download request.
[22:12:10:966] [INFO] - Client: Got server msg in listening thread.
[22:12:10:966] [INFO] - Client: download: Received response messages from: Socket[addr=/127.0.0.1,port=2022,localport=57732]
[22:12:10:966] [INFO] - Client: User download succeed.
[22:12:10:967] [INFO] - Client: Attempt to download specified txtx file
[22:12:10:967] [INFO] - Client: Sending request to download txt file.
[22:12:10:967] [INFO] - Client: sending download request.
[22:12:10:969] [INFO] - Client: Got server msg in listening thread.
[22:12:10:969] [INFO] - Client: download: Received response messages from: Socket[addr=/127.0.0.1,port=2022,localport=57732]
[22:12:10:970] [INFO] - Client: User download succeed.
[22:12:10:970] [INFO] - Client: viewFolderContents : Succeed.
[22:12:14:040] [INFO] - Client: Attempt to request view user files
[22:12:14:041] [INFO] - Client: Sending request to view user files.
[22:12:14:041] [INFO] - Client: sending viewFolderContents request.
[22:12:14:043] [INFO] - Client: Got server msg in listening thread.
[22:12:14:044] [INFO] - Client: viewFolderContents: Received response messages from: Socket[addr=/127.0.0.1,port=2022,localport=57732]
[22:12:14:044] [INFO] - Client: View Folder 123 Contents
[22:12:14:044] [INFO] - Client: viewFolderContents : Succeed.
[22:12:16:367] [INFO] - Client: Attempt to request view user files
[22:12:16:368] [INFO] - Client: Sending request to view user files.
[22:12:16:368] [INFO] - Client: sending viewFolderContents request.
[22:12:16:371] [INFO] - Client: Got server msg in listening thread.
[22:12:16:371] [INFO] - Client: viewFolderContents: Received response messages from: Socket[addr=/127.0.0.1,port=2022,localport=57732]
[22:12:16:372] [INFO] - Client: View Folder 111111 Contents
[22:12:16:372] [INFO] - Client: Attempt to download specified txtx file
[22:12:16:372] [INFO] - Client: Sending request to download txt file.
[22:12:16:373] [INFO] - Client: sending download request.
[22:12:16:374] [INFO] - Client: Got server msg in listening thread.
[22:12:16:374] [INFO] - Client: download: Received response messages from: Socket[addr=/127.0.0.1,port=2022,localport=57732]
[22:12:16:375] [INFO] - Client: User download succeed.
[22:12:16:375] [INFO] - Client: Attempt to download specified txtx file
[22:12:16:375] [INFO] - Client: Sending request to download txt file.
[22:12:16:376] [INFO] - Client: sending download request.
[22:12:16:377] [INFO] - Client: Got server msg in listening thread.
[22:12:16:378] [INFO] - Client: download: Received response messages from: Socket[addr=/127.0.0.1,port=2022,localport=57732]
[22:12:16:378] [INFO] - Client: User download succeed.
[22:12:16:378] [INFO] - Client: viewFolderContents : Succeed.
[22:12:25:977] [INFO] - Client: Attempt to request view user files
[22:12:25:977] [INFO] - Client: Sending request to view user files.
[22:12:25:977] [INFO] - Client: sending viewFolderContents request.
[22:12:25:981] [INFO] - Client: Got server msg in listening thread.
[22:12:25:981] [INFO] - Client: viewFolderContents: Received response messages from: Socket[addr=/127.0.0.1,port=2022,localport=57732]
[22:12:25:981] [INFO] - Client: View Folder 111111 Contents
[22:12:25:982] [INFO] - Client: Attempt to download specified txtx file
[22:12:25:982] [INFO] - Client: Sending request to download txt file.
[22:12:25:982] [INFO] - Client: sending download request.
[22:12:25:984] [INFO] - Client: Got server msg in listening thread.
[22:12:25:984] [INFO] - Client: download: Received response messages from: Socket[addr=/127.0.0.1,port=2022,localport=57732]
[22:12:25:985] [INFO] - Client: User download succeed.
[22:12:25:985] [INFO] - Client: Attempt to download specified txtx file
[22:12:25:985] [INFO] - Client: Sending request to download txt file.
[22:12:25:985] [INFO] - Client: sending download request.
[22:12:25:987] [INFO] - Client: Got server msg in listening thread.
[22:12:25:988] [INFO] - Client: download: Received response messages from: Socket[addr=/127.0.0.1,port=2022,localport=57732]
[22:12:25:989] [INFO] - Client: User download succeed.
[22:12:25:989] [INFO] - Client: viewFolderContents : Succeed.
[22:12:26:775] [INFO] - Client: Attempt to request view user files
[22:12:26:775] [INFO] - Client: Sending request to view user files.
[22:12:26:776] [INFO] - Client: sending viewFolderContents request.
[22:12:26:778] [INFO] - Client: Got server msg in listening thread.
[22:12:26:779] [INFO] - Client: viewFolderContents: Received response messages from: Socket[addr=/127.0.0.1,port=2022,localport=57732]
[22:12:26:779] [INFO] - Client: View Folder 111111 Contents
[22:12:26:780] [INFO] - Client: Attempt to download specified txtx file
[22:12:26:780] [INFO] - Client: Sending request to download txt file.
[22:12:26:780] [INFO] - Client: sending download request.
[22:12:26:782] [INFO] - Client: Got server msg in listening thread.
[22:12:26:782] [INFO] - Client: download: Received response messages from: Socket[addr=/127.0.0.1,port=2022,localport=57732]
[22:12:26:783] [INFO] - Client: User download succeed.
[22:12:26:783] [INFO] - Client: Attempt to download specified txtx file
[22:12:26:783] [INFO] - Client: Sending request to download txt file.
[22:12:26:783] [INFO] - Client: sending download request.
[22:12:26:785] [INFO] - Client: Got server msg in listening thread.
[22:12:26:785] [INFO] - Client: download: Received response messages from: Socket[addr=/127.0.0.1,port=2022,localport=57732]
[22:12:26:785] [INFO] - Client: User download succeed.
[22:12:26:786] [INFO] - Client: viewFolderContents : Succeed.
[22:12:38:744] [INFO] - Client: Attempt to download specified txtx file
[22:12:38:745] [INFO] - Client: Sending request to download txt file.
[22:12:38:746] [INFO] - Client: sending download request.
[22:12:38:748] [INFO] - Client: Got server msg in listening thread.
[22:12:38:748] [INFO] - Client: download: Received response messages from: Socket[addr=/127.0.0.1,port=2022,localport=57732]
[22:12:38:749] [INFO] - Client: User download succeed.
[22:12:41:262] [INFO] - Client: Attempt to upload txt file
[22:12:41:262] [INFO] - Client: Sending request to upload txt file.
[22:12:41:277] [INFO] - Client: sending uploadFile request.
[22:12:41:280] [INFO] - Client: Got server msg in listening thread.
[22:12:41:281] [INFO] - Client: uploadFile: Received response messages from: Socket[addr=/127.0.0.1,port=2022,localport=57732]
[22:12:41:281] [INFO] - Client: Upload /111111//test.txt successful
[22:12:41:281] [INFO] - Client: User uploadFile succeed.
[22:12:41:282] [INFO] - Client: Attempt to request view user files
[22:12:41:282] [INFO] - Client: Sending request to view user files.
[22:12:41:283] [INFO] - Client: sending viewFolderContents request.
[22:12:41:285] [INFO] - Client: Got server msg in listening thread.
[22:12:41:285] [INFO] - Client: viewFolderContents: Received response messages from: Socket[addr=/127.0.0.1,port=2022,localport=57732]
[22:12:41:285] [INFO] - Client: View Folder 111111 Contents
[22:12:41:286] [INFO] - Client: Attempt to download specified txtx file
[22:12:41:286] [INFO] - Client: Sending request to download txt file.
[22:12:41:286] [INFO] - Client: sending download request.
[22:12:41:288] [INFO] - Client: Got server msg in listening thread.
[22:12:41:288] [INFO] - Client: download: Received response messages from: Socket[addr=/127.0.0.1,port=2022,localport=57732]
[22:12:41:288] [INFO] - Client: User download succeed.
[22:12:41:288] [INFO] - Client: Attempt to download specified txtx file
[22:12:41:289] [INFO] - Client: Sending request to download txt file.
[22:12:41:289] [INFO] - Client: sending download request.
[22:12:41:291] [INFO] - Client: Got server msg in listening thread.
[22:12:41:291] [INFO] - Client: download: Received response messages from: Socket[addr=/127.0.0.1,port=2022,localport=57732]
[22:12:41:292] [INFO] - Client: User download succeed.
[22:12:41:292] [INFO] - Client: viewFolderContents : Succeed.
[22:12:44:941] [INFO] - Client: Attempt to download specified txtx file
[22:12:44:941] [INFO] - Client: Sending request to download txt file.
[22:12:44:941] [INFO] - Client: sending download request.
[22:12:44:943] [INFO] - Client: Got server msg in listening thread.
[22:12:44:944] [INFO] - Client: download: Received response messages from: Socket[addr=/127.0.0.1,port=2022,localport=57732]
[22:12:44:944] [INFO] - Client: User download succeed.
[22:12:46:223] [INFO] - Client: Attempt to upload txt file
[22:12:46:224] [INFO] - Client: Sending request to upload txt file.
[22:12:46:224] [INFO] - Client: sending uploadFile request.
[22:12:46:226] [INFO] - Client: Got server msg in listening thread.
[22:12:46:226] [INFO] - Client: uploadFile: Received response messages from: Socket[addr=/127.0.0.1,port=2022,localport=57732]
[22:12:46:226] [INFO] - Client: Upload /111111//firstfile.txt successful
[22:12:46:226] [INFO] - Client: User uploadFile succeed.
[22:12:46:227] [INFO] - Client: Attempt to request view user files
[22:12:46:227] [INFO] - Client: Sending request to view user files.
[22:12:46:228] [INFO] - Client: sending viewFolderContents request.
[22:12:46:229] [INFO] - Client: Got server msg in listening thread.
[22:12:46:230] [INFO] - Client: viewFolderContents: Received response messages from: Socket[addr=/127.0.0.1,port=2022,localport=57732]
[22:12:46:230] [INFO] - Client: View Folder 111111 Contents
[22:12:46:230] [INFO] - Client: Attempt to download specified txtx file
[22:12:46:230] [INFO] - Client: Sending request to download txt file.
[22:12:46:231] [INFO] - Client: sending download request.
[22:12:46:232] [INFO] - Client: Got server msg in listening thread.
[22:12:46:232] [INFO] - Client: download: Received response messages from: Socket[addr=/127.0.0.1,port=2022,localport=57732]
[22:12:46:232] [INFO] - Client: User download succeed.
[22:12:46:233] [INFO] - Client: Attempt to download specified txtx file
[22:12:46:233] [INFO] - Client: Sending request to download txt file.
[22:12:46:233] [INFO] - Client: sending download request.
[22:12:46:234] [INFO] - Client: Got server msg in listening thread.
[22:12:46:235] [INFO] - Client: download: Received response messages from: Socket[addr=/127.0.0.1,port=2022,localport=57732]
[22:12:46:235] [INFO] - Client: User download succeed.
[22:12:46:235] [INFO] - Client: viewFolderContents : Succeed.
[22:12:49:250] [INFO] - Client: Attempt to request view user files
[22:12:49:250] [INFO] - Client: Sending request to view user files.
[22:12:49:251] [INFO] - Client: sending viewFolderContents request.
[22:12:49:253] [INFO] - Client: Got server msg in listening thread.
[22:12:49:254] [INFO] - Client: viewFolderContents: Received response messages from: Socket[addr=/127.0.0.1,port=2022,localport=57732]
[22:12:49:255] [INFO] - Client: View Folder 123 Contents
[22:12:49:255] [INFO] - Client: viewFolderContents : Succeed.
[22:12:50:430] [INFO] - Client: Attempt to request view user files
[22:12:50:430] [INFO] - Client: Sending request to view user files.
[22:12:50:430] [INFO] - Client: sending viewFolderContents request.
[22:12:50:432] [INFO] - Client: Got server msg in listening thread.
[22:12:50:433] [INFO] - Client: viewFolderContents: Received response messages from: Socket[addr=/127.0.0.1,port=2022,localport=57732]
[22:12:50:433] [INFO] - Client: View Folder 111111 Contents
[22:12:50:433] [INFO] - Client: Attempt to download specified txtx file
[22:12:50:433] [INFO] - Client: Sending request to download txt file.
[22:12:50:434] [INFO] - Client: sending download request.
[22:12:50:435] [INFO] - Client: Got server msg in listening thread.
[22:12:50:435] [INFO] - Client: download: Received response messages from: Socket[addr=/127.0.0.1,port=2022,localport=57732]
[22:12:50:436] [INFO] - Client: User download succeed.
[22:12:50:436] [INFO] - Client: Attempt to download specified txtx file
[22:12:50:436] [INFO] - Client: Sending request to download txt file.
[22:12:50:436] [INFO] - Client: sending download request.
[22:12:50:438] [INFO] - Client: Got server msg in listening thread.
[22:12:50:438] [INFO] - Client: download: Received response messages from: Socket[addr=/127.0.0.1,port=2022,localport=57732]
[22:12:50:438] [INFO] - Client: User download succeed.
[22:12:50:439] [INFO] - Client: viewFolderContents : Succeed.
[22:12:52:074] [INFO] - Client: Attempt to download specified txtx file
[22:12:52:075] [INFO] - Client: Sending request to download txt file.
[22:12:52:075] [INFO] - Client: sending download request.
[22:12:52:077] [INFO] - Client: Got server msg in listening thread.
[22:12:52:077] [INFO] - Client: download: Received response messages from: Socket[addr=/127.0.0.1,port=2022,localport=57732]
[22:12:52:078] [INFO] - Client: User download succeed.
[22:12:52:568] [INFO] - Client: Attempt to upload txt file
[22:12:52:569] [INFO] - Client: Sending request to upload txt file.
[22:12:52:569] [INFO] - Client: sending uploadFile request.
[22:12:52:570] [INFO] - Client: Got server msg in listening thread.
[22:12:52:571] [INFO] - Client: uploadFile: Received response messages from: Socket[addr=/127.0.0.1,port=2022,localport=57732]
[22:12:52:571] [INFO] - Client: Upload /111111//firstfile.txt successful
[22:12:52:571] [INFO] - Client: User uploadFile succeed.
[22:12:52:572] [INFO] - Client: Attempt to request view user files
[22:12:52:572] [INFO] - Client: Sending request to view user files.
[22:12:52:572] [INFO] - Client: sending viewFolderContents request.
[22:12:52:574] [INFO] - Client: Got server msg in listening thread.
[22:12:52:574] [INFO] - Client: viewFolderContents: Received response messages from: Socket[addr=/127.0.0.1,port=2022,localport=57732]
[22:12:52:574] [INFO] - Client: View Folder 111111 Contents
[22:12:52:575] [INFO] - Client: Attempt to download specified txtx file
[22:12:52:575] [INFO] - Client: Sending request to download txt file.
[22:12:52:575] [INFO] - Client: sending download request.
[22:12:52:576] [INFO] - Client: Got server msg in listening thread.
[22:12:52:577] [INFO] - Client: download: Received response messages from: Socket[addr=/127.0.0.1,port=2022,localport=57732]
[22:12:52:577] [INFO] - Client: User download succeed.
[22:12:52:578] [INFO] - Client: Attempt to download specified txtx file
[22:12:52:578] [INFO] - Client: Sending request to download txt file.
[22:12:52:578] [INFO] - Client: sending download request.
[22:12:52:579] [INFO] - Client: Got server msg in listening thread.
[22:12:52:579] [INFO] - Client: download: Received response messages from: Socket[addr=/127.0.0.1,port=2022,localport=57732]
[22:12:52:580] [INFO] - Client: User download succeed.
[22:12:52:580] [INFO] - Client: viewFolderContents : Succeed.
[22:13:02:999] [INFO] - Client: Attempt to request view user files
[22:13:02:999] [INFO] - Client: Sending request to view user files.
[22:13:03:000] [INFO] - Client: sending viewFolderContents request.
[22:13:03:001] [INFO] - Client: Got server msg in listening thread.
[22:13:03:001] [INFO] - Client: viewFolderContents: Received response messages from: Socket[addr=/127.0.0.1,port=2022,localport=57732]
[22:13:03:002] [INFO] - Client: View Folder 123 Contents
[22:13:03:002] [INFO] - Client: viewFolderContents : Succeed.
[22:13:04:246] [INFO] - Client: Attempt to request view user files
[22:13:04:246] [INFO] - Client: Sending request to view user files.
[22:13:04:247] [INFO] - Client: sending viewFolderContents request.
[22:13:04:249] [INFO] - Client: Got server msg in listening thread.
[22:13:04:249] [INFO] - Client: viewFolderContents: Received response messages from: Socket[addr=/127.0.0.1,port=2022,localport=57732]
[22:13:04:250] [INFO] - Client: View Folder 111111 Contents
[22:13:04:250] [INFO] - Client: Attempt to download specified txtx file
[22:13:04:250] [INFO] - Client: Sending request to download txt file.
[22:13:04:250] [INFO] - Client: sending download request.
[22:13:04:252] [INFO] - Client: Got server msg in listening thread.
[22:13:04:252] [INFO] - Client: download: Received response messages from: Socket[addr=/127.0.0.1,port=2022,localport=57732]
[22:13:04:252] [INFO] - Client: User download succeed.
[22:13:04:252] [INFO] - Client: Attempt to download specified txtx file
[22:13:04:252] [INFO] - Client: Sending request to download txt file.
[22:13:04:253] [INFO] - Client: sending download request.
[22:13:04:254] [INFO] - Client: Got server msg in listening thread.
[22:13:04:255] [INFO] - Client: download: Received response messages from: Socket[addr=/127.0.0.1,port=2022,localport=57732]
[22:13:04:255] [INFO] - Client: User download succeed.
[22:13:04:255] [INFO] - Client: viewFolderContents : Succeed.
[22:13:42:001] [INFO] - 

[22:13:42:003] [INFO] - Client: Connecting, socket: 127.0.0.1.2022
[22:13:42:004] [INFO] - 

[22:13:42:004] [INFO] - Client: Listening thread started.
[22:13:53:909] [INFO] - Client: Attempt to login
[22:13:53:919] [INFO] - Client: sending login request.
[22:13:53:922] [INFO] - Client: Got server msg in listening thread.
[22:13:53:923] [INFO] - Client: login: Received response messages from: Socket[addr=/127.0.0.1,port=2022,localport=57745]
[22:13:53:923] [INFO] - Client: User login succeed.
[22:13:53:943] [INFO] - Client: Attempt to request view user files
[22:13:53:944] [INFO] - Client: Sending request to view user files.
[22:13:53:945] [INFO] - Client: sending viewFolderContents request.
[22:13:53:948] [INFO] - Client: Got server msg in listening thread.
[22:13:53:949] [INFO] - Client: viewFolderContents: Received response messages from: Socket[addr=/127.0.0.1,port=2022,localport=57745]
[22:13:53:950] [INFO] - Client: View Folder 111111 Contents
[22:13:53:951] [INFO] - Client: Attempt to download specified txtx file
[22:13:53:951] [INFO] - Client: Sending request to download txt file.
[22:13:53:951] [INFO] - Client: sending download request.
[22:13:53:956] [INFO] - Client: Got server msg in listening thread.
[22:13:53:957] [INFO] - Client: download: Received response messages from: Socket[addr=/127.0.0.1,port=2022,localport=57745]
[22:13:53:957] [INFO] - Client: User download succeed.
[22:13:53:958] [INFO] - Client: Attempt to download specified txtx file
[22:13:53:958] [INFO] - Client: Sending request to download txt file.
[22:13:53:958] [INFO] - Client: sending download request.
[22:13:53:961] [INFO] - Client: Got server msg in listening thread.
[22:13:53:962] [INFO] - Client: download: Received response messages from: Socket[addr=/127.0.0.1,port=2022,localport=57745]
[22:13:53:962] [INFO] - Client: User download succeed.
[22:13:53:962] [INFO] - Client: viewFolderContents : Succeed.
[22:13:58:797] [INFO] - Client: Attempt to logout
[22:13:58:798] [INFO] - Client: USER LOGOUT!
[22:13:58:801] [INFO] - 

[22:13:58:802] [ERROR] - Client: Communicator listening thread ended!
[22:13:58:811] [INFO] - 

[22:13:58:811] [INFO] - Client: Connecting, socket: 127.0.0.1.2022
[22:13:58:813] [INFO] - 

[22:13:58:813] [INFO] - Client: Listening thread started.
[22:14:11:386] [INFO] - Client: Attempt to sign up
[22:14:11:387] [INFO] - Client: sending signup request.
[22:14:11:391] [INFO] - Client: Got server msg in listening thread.
[22:14:11:391] [INFO] - Client: signup: Received response messages from: Socket[addr=/127.0.0.1,port=2022,localport=57748]
[22:14:11:391] [INFO] - Client: User signup succeed.
[22:14:11:896] [INFO] - Client: Attempt to login
[22:14:11:896] [INFO] - Client: sending login request.
[22:14:11:898] [INFO] - Client: Got server msg in listening thread.
[22:14:11:898] [INFO] - Client: login: Received response messages from: Socket[addr=/127.0.0.1,port=2022,localport=57748]
[22:14:11:899] [INFO] - Client: User login succeed.
[22:14:11:904] [INFO] - Client: Attempt to request view user files
[22:14:11:904] [INFO] - Client: Sending request to view user files.
[22:14:11:905] [INFO] - Client: sending viewFolderContents request.
[22:14:11:909] [INFO] - Client: Got server msg in listening thread.
[22:14:11:910] [INFO] - Client: viewFolderContents: Received response messages from: Socket[addr=/127.0.0.1,port=2022,localport=57748]
[22:14:11:911] [INFO] - Client: View Folder 222222 Contents
[22:14:11:912] [INFO] - Client: Attempt to download specified txtx file
[22:14:11:912] [INFO] - Client: Sending request to download txt file.
[22:14:11:912] [INFO] - Client: sending download request.
[22:14:11:914] [INFO] - Client: Got server msg in listening thread.
[22:14:11:914] [INFO] - Client: download: Received response messages from: Socket[addr=/127.0.0.1,port=2022,localport=57748]
[22:14:11:915] [INFO] - Client: User download succeed.
[22:14:11:915] [INFO] - Client: viewFolderContents : Succeed.
[22:14:21:774] [INFO] - Client: Attempt to download specified txtx file
[22:14:21:775] [INFO] - Client: Sending request to download txt file.
[22:14:21:776] [INFO] - Client: sending download request.
[22:14:21:778] [INFO] - Client: Got server msg in listening thread.
[22:14:21:778] [INFO] - Client: download: Received response messages from: Socket[addr=/127.0.0.1,port=2022,localport=57732]
[22:14:21:778] [INFO] - Client: User download succeed.
[22:14:26:611] [INFO] - 

[22:14:26:611] [ERROR] - Client: Communicator listening thread ended!
[22:14:51:943] [INFO] - Client: Attempt to upload txt file
[22:14:51:944] [INFO] - Client: Sending request to upload txt file.
[22:14:51:945] [INFO] - Client: sending uploadFile request.
