[23:32:09:863] [INFO] - Server: Received login message.
[23:32:09:898] [INFO] - Server: Received message for viewing folder contents.
[23:32:09:922] [INFO] - Server: Received download file message.
[23:32:09:923] [INFO] - Server: Download successfully.
[23:32:09:953] [INFO] - Server: Received download file message.
[23:32:09:954] [INFO] - Server: Download successfully.
[23:32:17:058] [INFO] - Server: Received message for viewing folder contents.
[23:32:19:250] [INFO] - Server: Received message for viewing folder contents.
[23:32:19:256] [INFO] - Server: Received download file message.
[23:32:19:256] [INFO] - Server: Download successfully.
[23:32:19:259] [INFO] - Server: Received download file message.
[23:32:19:260] [INFO] - Server: Download successfully.
[23:32:24:810] [INFO] - Server: Received message for viewing folder contents.
[23:32:24:815] [INFO] - Server: Received download file message.
[23:32:24:815] [INFO] - Server: Download successfully.
[23:32:24:819] [INFO] - Server: Received download file message.
[23:32:24:819] [INFO] - Server: Download successfully.
[23:32:30:152] [INFO] - Server: Received download file message.
[23:32:30:153] [INFO] - Server: Download successfully.
[23:32:37:272] [INFO] - Server: Received upload file message.
[23:32:37:272] [INFO] - Server: Upload file successfully.
[23:32:39:742] [INFO] - Server: Received upload file message.
[23:32:39:742] [INFO] - Server: Upload file successfully.
[23:32:40:082] [INFO] - Server: Received upload file message.
[23:32:40:082] [INFO] - Server: Upload file successfully.
[23:32:40:890] [INFO] - Server: Received upload file message.
[23:32:40:891] [INFO] - Server: Upload file successfully.
[23:32:42:591] [INFO] - Server: Received upload file message.
[23:32:42:591] [INFO] - Server: Upload file successfully.
[23:32:42:915] [INFO] - Server: Received upload file message.
[23:32:42:916] [INFO] - Server: Upload file successfully.
[23:32:43:957] [INFO] - Server: Received upload file message.
[23:32:43:958] [INFO] - Server: Upload file successfully.
[23:32:46:959] [INFO] - Server: Received upload file message.
[23:32:46:960] [INFO] - Server: Upload file successfully.
[23:32:49:208] [INFO] - Server: Received upload file message.
[23:32:49:209] [INFO] - Server: Upload file successfully.
[23:32:51:328] [INFO] - Server: Received upload file message.
[23:32:51:329] [INFO] - Server: Upload file successfully.
[23:32:53:139] [INFO] - Server: Received upload file message.
[23:32:53:140] [INFO] - Server: Upload file successfully.
[23:32:55:238] [INFO] - Server: Received upload file message.
[23:32:55:238] [INFO] - Server: Upload file successfully.
[23:32:55:378] [INFO] - Server: Received upload file message.
[23:32:55:379] [INFO] - Server: Upload file successfully.
[23:32:55:803] [INFO] - Server: Received upload file message.
[23:32:55:804] [INFO] - Server: Upload file successfully.
[23:32:56:327] [INFO] - Server: Received upload file message.
[23:32:56:328] [INFO] - Server: Upload file successfully.
[23:32:57:979] [INFO] - Server: Received upload file message.
[23:32:57:980] [INFO] - Server: Upload file successfully.
[23:33:00:093] [INFO] - Server: Received upload file message.
[23:33:00:094] [INFO] - Server: Upload file successfully.
[23:33:01:783] [INFO] - Server: Received upload file message.
[23:33:01:784] [INFO] - Server: Upload file successfully.
[23:33:05:518] [INFO] - Server: Received upload file message.
[23:33:05:519] [INFO] - Server: Upload file successfully.
[23:33:07:807] [INFO] - Server: Received upload file message.
[23:33:07:808] [INFO] - Server: Upload file successfully.
[23:33:10:018] [INFO] - Server: Received upload file message.
[23:33:10:019] [INFO] - Server: Upload file successfully.
[23:33:11:528] [INFO] - Server: Received upload file message.
[23:33:11:528] [INFO] - Server: Upload file successfully.
[23:33:13:128] [INFO] - Server: Received upload file message.
[23:33:13:129] [INFO] - Server: Upload file successfully.
[23:33:13:639] [INFO] - Server: Received upload file message.
[23:33:13:640] [INFO] - Server: Upload file successfully.
[23:33:14:805] [INFO] - Server: Received upload file message.
[23:33:14:805] [INFO] - Server: Upload file successfully.
[23:34:38:458] [INFO] - Server: Received upload file message.
[23:34:38:460] [INFO] - Server: Upload file successfully.
[23:34:38:464] [INFO] - Server: Received message for viewing folder contents.
[23:34:38:467] [INFO] - Server: Received download file message.
[23:34:38:468] [INFO] - Server: Download successfully.
[23:34:38:471] [INFO] - Server: Received download file message.
[23:34:38:471] [INFO] - Server: Download successfully.
[23:36:23:357] [INFO] - Server: Received login message.
[23:36:23:377] [INFO] - Server: Received message for viewing folder contents.
[23:36:23:384] [INFO] - Server: Received download file message.
[23:36:23:385] [INFO] - Server: Download successfully.
[23:36:23:390] [INFO] - Server: Received download file message.
[23:36:23:390] [INFO] - Server: Download successfully.
